<?xml version="1.0" encoding="UTF-8"?>
<!-- Generated by org.testng.reporters.JUnitReportReporter -->
<testsuite hostname="DESKTOP-NOMAN" failures="0" tests="1" name="org.openweathermap.Utility.FileFactory" time="0.018" errors="0" timestamp="2022-05-02T21:17:56 BDT" skipped="0">
  <testcase classname="org.openweathermap.Utility.FileFactory" name="readFile" time="0.018"/>
  <system-out/>
</testsuite> <!-- org.openweathermap.Utility.FileFactory -->
