<?xml version="1.0" encoding="UTF-8"?>
<!-- Generated by org.testng.reporters.JUnitReportReporter -->
<testsuite hostname="DESKTOP-NOMAN" failures="0" tests="2" name="org.openweathermap.Tests.EntryExitActionsPF" time="24.097" errors="0" timestamp="2024-10-30T21:56:18 BDT" skipped="0">
  <testcase classname="org.openweathermap.Tests.EntryExitActionsPF" name="verifyValidLoginPF" time="9.020"/>
  <system-out/>
  <testcase classname="org.openweathermap.Tests.EntryExitActionsPF" name="verifyValidLoginLogoutPF" time="15.077"/>
  <system-out/>
</testsuite> <!-- org.openweathermap.Tests.EntryExitActionsPF -->
