<?xml version="1.0" encoding="UTF-8"?>
<!-- Generated by org.testng.reporters.JUnitReportReporter -->
<testsuite hostname="DESKTOP-NOMAN" failures="0" tests="1" name="org.openweathermap.Tests.AppNavigationPF" time="14.121" errors="0" timestamp="2024-10-30T22:50:11 BDT" skipped="0">
  <testcase classname="org.openweathermap.Tests.AppNavigationPF" name="verifyMenuNavigationPF" time="14.121"/>
  <system-out/>
</testsuite> <!-- org.openweathermap.Tests.AppNavigationPF -->
