<?xml version="1.0" encoding="UTF-8"?>
<!-- Generated by org.testng.reporters.JUnitReportReporter -->
<testsuite hostname="DESKTOP-NOMAN" failures="0" tests="1" name="org.openweathermap.Tests.EntryExitActions" time="44.839" errors="0" timestamp="2022-05-02T16:00:21 BDT" skipped="0">
  <testcase classname="org.openweathermap.Tests.EntryExitActions" name="verifyValidLogin" time="44.839"/>
  <system-out/>
</testsuite> <!-- org.openweathermap.Tests.EntryExitActions -->
